2023-05-02 14:08:42,601 [Worker-5: Loading available Gradle versions] INFO  o.e.b.c.i.u.g.PublishedGradleVersions - Gradle version information cache is up-to-date. Trying to read.
2023-05-02 14:09:09,201 [Worker-16: Importing Maven projects] INFO  o.e.m.c.i.l.LifecycleMappingFactory - Using org.eclipse.m2e.jdt.JarLifecycleMapping lifecycle mapping for MavenProject: br.com.taking:ProjetoGestaoRH:0.0.1-SNAPSHOT @ C:\MCIO\ProjetoGestaoRHTaking-master\ProjetoGestaoRH\pom.xml.
2023-05-02 14:09:10,460 [Worker-16: Importing Maven projects] INFO  o.e.m.j.i.AbstractJavaProjectConfigurator - Adding source folder /ProjetoGestaoRH/src/main/java
2023-05-02 14:09:10,461 [Worker-16: Importing Maven projects] INFO  o.e.m.j.i.AbstractJavaProjectConfigurator - Adding resource folder /ProjetoGestaoRH/src/main/resources
2023-05-02 14:09:10,464 [Worker-16: Importing Maven projects] INFO  o.e.m.j.i.AbstractJavaProjectConfigurator - Adding resource folder /ProjetoGestaoRH/src/main/resources
2023-05-02 14:09:10,470 [Worker-16: Importing Maven projects] INFO  o.e.m.j.i.AbstractJavaProjectConfigurator - Adding source folder /ProjetoGestaoRH/src/test/java
2023-05-02 14:09:12,592 [Worker-16: Importing Maven projects] INFO  o.e.m.c.i.p.ProjectConfigurationManager - Imported and configured 1 project(s) in 4 sec
2023-05-02 14:09:15,094 [Worker-10: Building] INFO  o.a.m.s.f.DefaultMavenResourcesFiltering - Copying 1 resource
2023-05-02 14:09:15,115 [Worker-10: Building] INFO  o.a.m.s.f.DefaultMavenResourcesFiltering - Copying 0 resource
2023-05-02 14:09:15,120 [Worker-10: Building] INFO  o.a.m.s.f.DefaultMavenResourcesFiltering - skip non existing resourceDirectory C:\MCIO\ProjetoGestaoRHTaking-master\ProjetoGestaoRH\src\test\resources
2023-05-02 14:09:45,405 [Worker-16: Building] INFO  o.a.m.s.f.DefaultMavenResourcesFiltering - Copying 1 resource
2023-05-02 14:09:45,410 [Worker-16: Building] INFO  o.a.m.s.f.DefaultMavenResourcesFiltering - Copying 0 resource
2023-05-02 14:09:45,413 [Worker-16: Building] INFO  o.a.m.s.f.DefaultMavenResourcesFiltering - skip non existing resourceDirectory C:\MCIO\ProjetoGestaoRHTaking-master\ProjetoGestaoRH\src\test\resources
2023-05-02 14:10:10,121 [Worker-0: Launching Executing clean in C__MCIO_ProjetoGestaoRHTaking-master_ProjetoGestaoRH] INFO  o.e.m.i.launch.MavenLaunchDelegate - C:\MCIO\ProjetoGestaoRHTaking-master\ProjetoGestaoRH
2023-05-02 14:10:10,122 [Worker-0: Launching Executing clean in C__MCIO_ProjetoGestaoRHTaking-master_ProjetoGestaoRH] INFO  o.e.m.i.launch.MavenLaunchDelegate -  mvn -B -Dstyle.color=always clean
2023-05-02 14:10:13,224 [Worker-8: Building] INFO  o.a.m.s.f.DefaultMavenResourcesFiltering - Copying 1 resource
2023-05-02 14:10:13,227 [Worker-8: Building] INFO  o.a.m.s.f.DefaultMavenResourcesFiltering - Copying 0 resource
2023-05-02 14:10:13,230 [Worker-8: Building] INFO  o.a.m.s.f.DefaultMavenResourcesFiltering - skip non existing resourceDirectory C:\MCIO\ProjetoGestaoRHTaking-master\ProjetoGestaoRH\src\test\resources
2023-05-02 14:10:16,725 [Worker-2: Launching Executing install in C__MCIO_ProjetoGestaoRHTaking-master_ProjetoGestaoRH] INFO  o.e.m.i.launch.MavenLaunchDelegate - C:\MCIO\ProjetoGestaoRHTaking-master\ProjetoGestaoRH
2023-05-02 14:10:16,726 [Worker-2: Launching Executing install in C__MCIO_ProjetoGestaoRHTaking-master_ProjetoGestaoRH] INFO  o.e.m.i.launch.MavenLaunchDelegate -  mvn -B -Dstyle.color=always install
2023-05-02 14:10:28,699 [Worker-11: Building] INFO  o.a.m.s.f.DefaultMavenResourcesFiltering - Copying 1 resource
2023-05-02 14:10:28,707 [Worker-11: Building] INFO  o.a.m.s.f.DefaultMavenResourcesFiltering - Copying 0 resource
2023-05-02 14:10:28,710 [Worker-11: Building] INFO  o.a.m.s.f.DefaultMavenResourcesFiltering - skip non existing resourceDirectory C:\MCIO\ProjetoGestaoRHTaking-master\ProjetoGestaoRH\src\test\resources
2023-05-02 14:10:51,039 [Worker-6: Building] INFO  o.a.m.s.f.DefaultMavenResourcesFiltering - Copying 0 resource
2023-05-02 14:10:51,040 [Worker-6: Building] INFO  o.a.m.s.f.DefaultMavenResourcesFiltering - Copying 0 resource
2023-05-02 14:10:51,046 [Worker-6: Building] INFO  o.a.m.s.f.DefaultMavenResourcesFiltering - skip non existing resourceDirectory C:\MCIO\ProjetoGestaoRHTaking-master\ProjetoGestaoRH\src\test\resources
2023-05-02 14:44:22,730 [Worker-21: Building] INFO  o.a.m.s.f.DefaultMavenResourcesFiltering - Copying 1 resource
2023-05-02 14:44:22,936 [Worker-21: Building] INFO  o.a.m.s.f.DefaultMavenResourcesFiltering - Copying 0 resource
2023-05-02 14:44:22,945 [Worker-21: Building] INFO  o.a.m.s.f.DefaultMavenResourcesFiltering - skip non existing resourceDirectory C:\MCIO\ProjetoGestaoRHTaking-master\ProjetoGestaoRH\src\test\resources
2023-05-02 14:44:37,234 [Worker-10: Building] INFO  o.a.m.s.f.DefaultMavenResourcesFiltering - Copying 1 resource
2023-05-02 14:44:37,295 [Worker-10: Building] INFO  o.a.m.s.f.DefaultMavenResourcesFiltering - Copying 0 resource
2023-05-02 14:44:37,301 [Worker-10: Building] INFO  o.a.m.s.f.DefaultMavenResourcesFiltering - skip non existing resourceDirectory C:\MCIO\ProjetoGestaoRHTaking-master\ProjetoGestaoRH\src\test\resources
2023-05-02 14:45:15,141 [Worker-25: Building] INFO  o.a.m.s.f.DefaultMavenResourcesFiltering - Copying 1 resource
2023-05-02 14:45:15,284 [Worker-25: Building] INFO  o.a.m.s.f.DefaultMavenResourcesFiltering - Copying 0 resource
2023-05-02 14:45:15,290 [Worker-25: Building] INFO  o.a.m.s.f.DefaultMavenResourcesFiltering - skip non existing resourceDirectory C:\MCIO\ProjetoGestaoRHTaking-master\ProjetoGestaoRH\src\test\resources
2023-05-02 14:46:03,434 [Worker-24: Building] INFO  o.a.m.s.f.DefaultMavenResourcesFiltering - Copying 1 resource
2023-05-02 14:46:03,524 [Worker-24: Building] INFO  o.a.m.s.f.DefaultMavenResourcesFiltering - Copying 0 resource
2023-05-02 14:46:03,527 [Worker-24: Building] INFO  o.a.m.s.f.DefaultMavenResourcesFiltering - skip non existing resourceDirectory C:\MCIO\ProjetoGestaoRHTaking-master\ProjetoGestaoRH\src\test\resources
2023-05-02 14:46:17,271 [Worker-24: Building] INFO  o.a.m.s.f.DefaultMavenResourcesFiltering - Copying 1 resource
2023-05-02 14:46:17,334 [Worker-24: Building] INFO  o.a.m.s.f.DefaultMavenResourcesFiltering - Copying 0 resource
2023-05-02 14:46:17,337 [Worker-24: Building] INFO  o.a.m.s.f.DefaultMavenResourcesFiltering - skip non existing resourceDirectory C:\MCIO\ProjetoGestaoRHTaking-master\ProjetoGestaoRH\src\test\resources
2023-05-02 14:49:20,815 [Worker-24: Building] INFO  o.a.m.s.f.DefaultMavenResourcesFiltering - Copying 1 resource
2023-05-02 14:49:20,833 [Worker-24: Building] INFO  o.a.m.s.f.DefaultMavenResourcesFiltering - Copying 0 resource
2023-05-02 14:49:20,841 [Worker-24: Building] INFO  o.a.m.s.f.DefaultMavenResourcesFiltering - skip non existing resourceDirectory C:\MCIO\ProjetoGestaoRHTaking-master\ProjetoGestaoRH\src\test\resources
2023-05-02 14:50:37,291 [Worker-10: Building] INFO  o.a.m.s.f.DefaultMavenResourcesFiltering - Copying 1 resource
2023-05-02 14:50:37,310 [Worker-10: Building] INFO  o.a.m.s.f.DefaultMavenResourcesFiltering - Copying 0 resource
2023-05-02 14:50:37,314 [Worker-10: Building] INFO  o.a.m.s.f.DefaultMavenResourcesFiltering - skip non existing resourceDirectory C:\MCIO\ProjetoGestaoRHTaking-master\ProjetoGestaoRH\src\test\resources
2023-05-02 14:52:10,257 [Worker-10: Building] INFO  o.a.m.s.f.DefaultMavenResourcesFiltering - Copying 1 resource
2023-05-02 14:52:10,274 [Worker-10: Building] INFO  o.a.m.s.f.DefaultMavenResourcesFiltering - Copying 0 resource
2023-05-02 14:52:10,280 [Worker-10: Building] INFO  o.a.m.s.f.DefaultMavenResourcesFiltering - skip non existing resourceDirectory C:\MCIO\ProjetoGestaoRHTaking-master\ProjetoGestaoRH\src\test\resources
2023-05-02 14:53:04,215 [Worker-26: Building] INFO  o.a.m.s.f.DefaultMavenResourcesFiltering - Copying 1 resource
2023-05-02 14:53:04,222 [Worker-26: Building] INFO  o.a.m.s.f.DefaultMavenResourcesFiltering - Copying 0 resource
2023-05-02 14:53:04,225 [Worker-26: Building] INFO  o.a.m.s.f.DefaultMavenResourcesFiltering - skip non existing resourceDirectory C:\MCIO\ProjetoGestaoRHTaking-master\ProjetoGestaoRH\src\test\resources
2023-05-02 14:57:09,310 [Worker-26: Building] INFO  o.a.m.s.f.DefaultMavenResourcesFiltering - Copying 1 resource
2023-05-02 14:57:09,317 [Worker-26: Building] INFO  o.a.m.s.f.DefaultMavenResourcesFiltering - Copying 0 resource
2023-05-02 14:57:09,320 [Worker-26: Building] INFO  o.a.m.s.f.DefaultMavenResourcesFiltering - skip non existing resourceDirectory C:\MCIO\ProjetoGestaoRHTaking-master\ProjetoGestaoRH\src\test\resources
2023-05-02 14:57:29,311 [Worker-27: Building] INFO  o.a.m.s.f.DefaultMavenResourcesFiltering - Copying 1 resource
2023-05-02 14:57:29,313 [Worker-27: Building] INFO  o.a.m.s.f.DefaultMavenResourcesFiltering - Copying 0 resource
2023-05-02 14:57:29,317 [Worker-27: Building] INFO  o.a.m.s.f.DefaultMavenResourcesFiltering - skip non existing resourceDirectory C:\MCIO\ProjetoGestaoRHTaking-master\ProjetoGestaoRH\src\test\resources
2023-05-02 15:00:05,389 [Worker-30: Building] INFO  o.a.m.s.f.DefaultMavenResourcesFiltering - Copying 1 resource
2023-05-02 15:00:05,397 [Worker-30: Building] INFO  o.a.m.s.f.DefaultMavenResourcesFiltering - Copying 0 resource
2023-05-02 15:00:05,400 [Worker-30: Building] INFO  o.a.m.s.f.DefaultMavenResourcesFiltering - skip non existing resourceDirectory C:\MCIO\ProjetoGestaoRHTaking-master\ProjetoGestaoRH\src\test\resources
2023-05-02 15:01:53,611 [Worker-31: Building] INFO  o.a.m.s.f.DefaultMavenResourcesFiltering - Copying 1 resource
2023-05-02 15:01:53,619 [Worker-31: Building] INFO  o.a.m.s.f.DefaultMavenResourcesFiltering - Copying 0 resource
2023-05-02 15:01:53,623 [Worker-31: Building] INFO  o.a.m.s.f.DefaultMavenResourcesFiltering - skip non existing resourceDirectory C:\MCIO\ProjetoGestaoRHTaking-master\ProjetoGestaoRH\src\test\resources
2023-05-02 15:04:48,700 [Worker-30: Building] INFO  o.a.m.s.f.DefaultMavenResourcesFiltering - Copying 1 resource
2023-05-02 15:04:48,708 [Worker-30: Building] INFO  o.a.m.s.f.DefaultMavenResourcesFiltering - Copying 0 resource
2023-05-02 15:04:48,711 [Worker-30: Building] INFO  o.a.m.s.f.DefaultMavenResourcesFiltering - skip non existing resourceDirectory C:\MCIO\ProjetoGestaoRHTaking-master\ProjetoGestaoRH\src\test\resources
2023-05-02 15:10:01,722 [Worker-32: Building] INFO  o.a.m.s.f.DefaultMavenResourcesFiltering - Copying 1 resource
2023-05-02 15:10:01,729 [Worker-32: Building] INFO  o.a.m.s.f.DefaultMavenResourcesFiltering - Copying 0 resource
2023-05-02 15:10:01,731 [Worker-32: Building] INFO  o.a.m.s.f.DefaultMavenResourcesFiltering - skip non existing resourceDirectory C:\MCIO\ProjetoGestaoRHTaking-master\ProjetoGestaoRH\src\test\resources
2023-05-02 15:10:07,317 [Worker-34: Building] INFO  o.a.m.s.f.DefaultMavenResourcesFiltering - Copying 1 resource
2023-05-02 15:10:07,324 [Worker-34: Building] INFO  o.a.m.s.f.DefaultMavenResourcesFiltering - Copying 0 resource
2023-05-02 15:10:07,328 [Worker-34: Building] INFO  o.a.m.s.f.DefaultMavenResourcesFiltering - skip non existing resourceDirectory C:\MCIO\ProjetoGestaoRHTaking-master\ProjetoGestaoRH\src\test\resources
2023-05-02 15:10:40,277 [Worker-31: Launching Executing clean in C__MCIO_ProjetoGestaoRHTaking-master_ProjetoGestaoRH] INFO  o.e.m.i.launch.MavenLaunchDelegate - C:\MCIO\ProjetoGestaoRHTaking-master\ProjetoGestaoRH
2023-05-02 15:10:40,277 [Worker-31: Launching Executing clean in C__MCIO_ProjetoGestaoRHTaking-master_ProjetoGestaoRH] INFO  o.e.m.i.launch.MavenLaunchDelegate -  mvn -B -Dstyle.color=always clean
2023-05-02 15:10:44,573 [Worker-33: Building] INFO  o.a.m.s.f.DefaultMavenResourcesFiltering - Copying 1 resource
2023-05-02 15:10:44,575 [Worker-33: Building] INFO  o.a.m.s.f.DefaultMavenResourcesFiltering - Copying 0 resource
2023-05-02 15:10:44,578 [Worker-33: Building] INFO  o.a.m.s.f.DefaultMavenResourcesFiltering - skip non existing resourceDirectory C:\MCIO\ProjetoGestaoRHTaking-master\ProjetoGestaoRH\src\test\resources
2023-05-02 15:10:49,086 [Worker-31: Launching Executing install in C__MCIO_ProjetoGestaoRHTaking-master_ProjetoGestaoRH] INFO  o.e.m.i.launch.MavenLaunchDelegate - C:\MCIO\ProjetoGestaoRHTaking-master\ProjetoGestaoRH
2023-05-02 15:10:49,086 [Worker-31: Launching Executing install in C__MCIO_ProjetoGestaoRHTaking-master_ProjetoGestaoRH] INFO  o.e.m.i.launch.MavenLaunchDelegate -  mvn -B -Dstyle.color=always install
2023-05-02 15:11:03,697 [Worker-31: Building] INFO  o.a.m.s.f.DefaultMavenResourcesFiltering - Copying 1 resource
2023-05-02 15:11:03,708 [Worker-31: Building] INFO  o.a.m.s.f.DefaultMavenResourcesFiltering - Copying 0 resource
2023-05-02 15:11:03,713 [Worker-31: Building] INFO  o.a.m.s.f.DefaultMavenResourcesFiltering - skip non existing resourceDirectory C:\MCIO\ProjetoGestaoRHTaking-master\ProjetoGestaoRH\src\test\resources
2023-05-02 15:13:09,438 [Worker-35: Building] INFO  o.a.m.s.f.DefaultMavenResourcesFiltering - Copying 1 resource
2023-05-02 15:13:09,450 [Worker-35: Building] INFO  o.a.m.s.f.DefaultMavenResourcesFiltering - Copying 0 resource
2023-05-02 15:13:09,453 [Worker-35: Building] INFO  o.a.m.s.f.DefaultMavenResourcesFiltering - skip non existing resourceDirectory C:\MCIO\ProjetoGestaoRHTaking-master\ProjetoGestaoRH\src\test\resources
2023-05-02 15:30:24,220 [Worker-41: Building] INFO  o.a.m.s.f.DefaultMavenResourcesFiltering - Copying 1 resource
2023-05-02 15:30:24,243 [Worker-41: Building] INFO  o.a.m.s.f.DefaultMavenResourcesFiltering - Copying 0 resource
2023-05-02 15:30:24,245 [Worker-41: Building] INFO  o.a.m.s.f.DefaultMavenResourcesFiltering - skip non existing resourceDirectory C:\MCIO\ProjetoGestaoRHTaking-master\ProjetoGestaoRH\src\test\resources
2023-05-02 15:35:03,886 [Worker-45: Building] INFO  o.a.m.s.f.DefaultMavenResourcesFiltering - Copying 1 resource
2023-05-02 15:35:03,899 [Worker-45: Building] INFO  o.a.m.s.f.DefaultMavenResourcesFiltering - Copying 0 resource
2023-05-02 15:35:03,904 [Worker-45: Building] INFO  o.a.m.s.f.DefaultMavenResourcesFiltering - skip non existing resourceDirectory C:\MCIO\ProjetoGestaoRHTaking-master\ProjetoGestaoRH\src\test\resources
2023-05-02 15:45:42,637 [Worker-50: Building] INFO  o.a.m.s.f.DefaultMavenResourcesFiltering - Copying 1 resource
2023-05-02 15:45:42,677 [Worker-50: Building] INFO  o.a.m.s.f.DefaultMavenResourcesFiltering - Copying 0 resource
2023-05-02 15:45:42,681 [Worker-50: Building] INFO  o.a.m.s.f.DefaultMavenResourcesFiltering - skip non existing resourceDirectory C:\MCIO\ProjetoGestaoRHTaking-master\ProjetoGestaoRH\src\test\resources
2023-05-02 15:46:16,979 [Worker-51: Building] INFO  o.a.m.s.f.DefaultMavenResourcesFiltering - Copying 1 resource
2023-05-02 15:46:16,997 [Worker-51: Building] INFO  o.a.m.s.f.DefaultMavenResourcesFiltering - Copying 0 resource
2023-05-02 15:46:16,999 [Worker-51: Building] INFO  o.a.m.s.f.DefaultMavenResourcesFiltering - skip non existing resourceDirectory C:\MCIO\ProjetoGestaoRHTaking-master\ProjetoGestaoRH\src\test\resources
2023-05-02 15:46:54,784 [Worker-51: Building] INFO  o.a.m.s.f.DefaultMavenResourcesFiltering - Copying 1 resource
2023-05-02 15:46:54,800 [Worker-51: Building] INFO  o.a.m.s.f.DefaultMavenResourcesFiltering - Copying 0 resource
2023-05-02 15:46:54,802 [Worker-51: Building] INFO  o.a.m.s.f.DefaultMavenResourcesFiltering - skip non existing resourceDirectory C:\MCIO\ProjetoGestaoRHTaking-master\ProjetoGestaoRH\src\test\resources
2023-05-02 15:47:04,408 [Worker-51: Building] INFO  o.a.m.s.f.DefaultMavenResourcesFiltering - Copying 1 resource
2023-05-02 15:47:04,417 [Worker-51: Building] INFO  o.a.m.s.f.DefaultMavenResourcesFiltering - Copying 0 resource
2023-05-02 15:47:04,421 [Worker-51: Building] INFO  o.a.m.s.f.DefaultMavenResourcesFiltering - skip non existing resourceDirectory C:\MCIO\ProjetoGestaoRHTaking-master\ProjetoGestaoRH\src\test\resources
2023-05-02 15:47:18,950 [Worker-47: Building] INFO  o.a.m.s.f.DefaultMavenResourcesFiltering - Copying 1 resource
2023-05-02 15:47:18,966 [Worker-47: Building] INFO  o.a.m.s.f.DefaultMavenResourcesFiltering - Copying 0 resource
2023-05-02 15:47:18,970 [Worker-47: Building] INFO  o.a.m.s.f.DefaultMavenResourcesFiltering - skip non existing resourceDirectory C:\MCIO\ProjetoGestaoRHTaking-master\ProjetoGestaoRH\src\test\resources
2023-05-02 15:47:27,245 [Worker-50: Building] INFO  o.a.m.s.f.DefaultMavenResourcesFiltering - Copying 1 resource
2023-05-02 15:47:27,254 [Worker-50: Building] INFO  o.a.m.s.f.DefaultMavenResourcesFiltering - Copying 0 resource
2023-05-02 15:47:27,258 [Worker-50: Building] INFO  o.a.m.s.f.DefaultMavenResourcesFiltering - skip non existing resourceDirectory C:\MCIO\ProjetoGestaoRHTaking-master\ProjetoGestaoRH\src\test\resources
2023-05-02 15:47:46,620 [Worker-47: Launching Executing clean in C__MCIO_ProjetoGestaoRHTaking-master_ProjetoGestaoRH] INFO  o.e.m.i.launch.MavenLaunchDelegate - C:\MCIO\ProjetoGestaoRHTaking-master\ProjetoGestaoRH
2023-05-02 15:47:46,620 [Worker-47: Launching Executing clean in C__MCIO_ProjetoGestaoRHTaking-master_ProjetoGestaoRH] INFO  o.e.m.i.launch.MavenLaunchDelegate -  mvn -B -Dstyle.color=always clean
2023-05-02 15:47:50,776 [Worker-50: Building] INFO  o.a.m.s.f.DefaultMavenResourcesFiltering - Copying 1 resource
2023-05-02 15:47:50,780 [Worker-50: Building] INFO  o.a.m.s.f.DefaultMavenResourcesFiltering - Copying 0 resource
2023-05-02 15:47:50,787 [Worker-50: Building] INFO  o.a.m.s.f.DefaultMavenResourcesFiltering - skip non existing resourceDirectory C:\MCIO\ProjetoGestaoRHTaking-master\ProjetoGestaoRH\src\test\resources
2023-05-02 15:47:55,674 [Worker-50: Launching Executing install in C__MCIO_ProjetoGestaoRHTaking-master_ProjetoGestaoRH] INFO  o.e.m.i.launch.MavenLaunchDelegate - C:\MCIO\ProjetoGestaoRHTaking-master\ProjetoGestaoRH
2023-05-02 15:47:55,675 [Worker-50: Launching Executing install in C__MCIO_ProjetoGestaoRHTaking-master_ProjetoGestaoRH] INFO  o.e.m.i.launch.MavenLaunchDelegate -  mvn -B -Dstyle.color=always install
2023-05-02 15:48:09,905 [Worker-52: Building] INFO  o.a.m.s.f.DefaultMavenResourcesFiltering - Copying 1 resource
2023-05-02 15:48:09,910 [Worker-52: Building] INFO  o.a.m.s.f.DefaultMavenResourcesFiltering - Copying 0 resource
2023-05-02 15:48:09,913 [Worker-52: Building] INFO  o.a.m.s.f.DefaultMavenResourcesFiltering - skip non existing resourceDirectory C:\MCIO\ProjetoGestaoRHTaking-master\ProjetoGestaoRH\src\test\resources
2023-05-02 16:16:41,251 [Worker-57: Building] INFO  o.a.m.s.f.DefaultMavenResourcesFiltering - Copying 1 resource
2023-05-02 16:16:41,279 [Worker-57: Building] INFO  o.a.m.s.f.DefaultMavenResourcesFiltering - Copying 0 resource
2023-05-02 16:16:41,282 [Worker-57: Building] INFO  o.a.m.s.f.DefaultMavenResourcesFiltering - skip non existing resourceDirectory C:\MCIO\ProjetoGestaoRHTaking-master\ProjetoGestaoRH\src\test\resources
2023-05-02 16:19:01,997 [Worker-57: Building] INFO  o.a.m.s.f.DefaultMavenResourcesFiltering - Copying 1 resource
2023-05-02 16:19:02,020 [Worker-57: Building] INFO  o.a.m.s.f.DefaultMavenResourcesFiltering - Copying 0 resource
2023-05-02 16:19:02,022 [Worker-57: Building] INFO  o.a.m.s.f.DefaultMavenResourcesFiltering - skip non existing resourceDirectory C:\MCIO\ProjetoGestaoRHTaking-master\ProjetoGestaoRH\src\test\resources
2023-05-02 16:22:42,995 [Worker-58: Building] INFO  o.a.m.s.f.DefaultMavenResourcesFiltering - Copying 1 resource
2023-05-02 16:22:43,015 [Worker-58: Building] INFO  o.a.m.s.f.DefaultMavenResourcesFiltering - Copying 0 resource
2023-05-02 16:22:43,019 [Worker-58: Building] INFO  o.a.m.s.f.DefaultMavenResourcesFiltering - skip non existing resourceDirectory C:\MCIO\ProjetoGestaoRHTaking-master\ProjetoGestaoRH\src\test\resources
2023-05-02 16:22:56,218 [Worker-50: Building] INFO  o.a.m.s.f.DefaultMavenResourcesFiltering - Copying 1 resource
2023-05-02 16:22:56,242 [Worker-50: Building] INFO  o.a.m.s.f.DefaultMavenResourcesFiltering - Copying 0 resource
2023-05-02 16:22:56,248 [Worker-50: Building] INFO  o.a.m.s.f.DefaultMavenResourcesFiltering - skip non existing resourceDirectory C:\MCIO\ProjetoGestaoRHTaking-master\ProjetoGestaoRH\src\test\resources
2023-05-02 16:25:10,229 [Worker-55: Building] INFO  o.a.m.s.f.DefaultMavenResourcesFiltering - Copying 1 resource
2023-05-02 16:25:10,257 [Worker-55: Building] INFO  o.a.m.s.f.DefaultMavenResourcesFiltering - Copying 0 resource
2023-05-02 16:25:10,264 [Worker-55: Building] INFO  o.a.m.s.f.DefaultMavenResourcesFiltering - skip non existing resourceDirectory C:\MCIO\ProjetoGestaoRHTaking-master\ProjetoGestaoRH\src\test\resources
2023-05-02 16:27:27,584 [Worker-58: Building] INFO  o.a.m.s.f.DefaultMavenResourcesFiltering - Copying 1 resource
2023-05-02 16:27:27,617 [Worker-58: Building] INFO  o.a.m.s.f.DefaultMavenResourcesFiltering - Copying 0 resource
2023-05-02 16:27:27,623 [Worker-58: Building] INFO  o.a.m.s.f.DefaultMavenResourcesFiltering - skip non existing resourceDirectory C:\MCIO\ProjetoGestaoRHTaking-master\ProjetoGestaoRH\src\test\resources
2023-05-02 16:27:35,079 [Worker-50: Building] INFO  o.a.m.s.f.DefaultMavenResourcesFiltering - Copying 1 resource
2023-05-02 16:27:35,104 [Worker-50: Building] INFO  o.a.m.s.f.DefaultMavenResourcesFiltering - Copying 0 resource
2023-05-02 16:27:35,107 [Worker-50: Building] INFO  o.a.m.s.f.DefaultMavenResourcesFiltering - skip non existing resourceDirectory C:\MCIO\ProjetoGestaoRHTaking-master\ProjetoGestaoRH\src\test\resources
2023-05-02 16:36:11,951 [Worker-59: Building] INFO  o.a.m.s.f.DefaultMavenResourcesFiltering - Copying 1 resource
2023-05-02 16:36:11,963 [Worker-59: Building] INFO  o.a.m.s.f.DefaultMavenResourcesFiltering - Copying 0 resource
2023-05-02 16:36:11,969 [Worker-59: Building] INFO  o.a.m.s.f.DefaultMavenResourcesFiltering - skip non existing resourceDirectory C:\MCIO\ProjetoGestaoRHTaking-master\ProjetoGestaoRH\src\test\resources
2023-05-02 16:36:40,587 [Worker-58: Building] INFO  o.a.m.s.f.DefaultMavenResourcesFiltering - Copying 1 resource
2023-05-02 16:36:40,596 [Worker-58: Building] INFO  o.a.m.s.f.DefaultMavenResourcesFiltering - Copying 0 resource
2023-05-02 16:36:40,601 [Worker-58: Building] INFO  o.a.m.s.f.DefaultMavenResourcesFiltering - skip non existing resourceDirectory C:\MCIO\ProjetoGestaoRHTaking-master\ProjetoGestaoRH\src\test\resources
2023-05-02 16:36:54,858 [Worker-59: Building] INFO  o.a.m.s.f.DefaultMavenResourcesFiltering - Copying 1 resource
2023-05-02 16:36:54,872 [Worker-59: Building] INFO  o.a.m.s.f.DefaultMavenResourcesFiltering - Copying 0 resource
2023-05-02 16:36:54,874 [Worker-59: Building] INFO  o.a.m.s.f.DefaultMavenResourcesFiltering - skip non existing resourceDirectory C:\MCIO\ProjetoGestaoRHTaking-master\ProjetoGestaoRH\src\test\resources
2023-05-02 16:37:08,027 [Worker-62: Building] INFO  o.a.m.s.f.DefaultMavenResourcesFiltering - Copying 1 resource
2023-05-02 16:37:08,047 [Worker-62: Building] INFO  o.a.m.s.f.DefaultMavenResourcesFiltering - Copying 0 resource
2023-05-02 16:37:08,054 [Worker-62: Building] INFO  o.a.m.s.f.DefaultMavenResourcesFiltering - skip non existing resourceDirectory C:\MCIO\ProjetoGestaoRHTaking-master\ProjetoGestaoRH\src\test\resources
2023-05-02 16:37:51,884 [Worker-58: Building] INFO  o.a.m.s.f.DefaultMavenResourcesFiltering - Copying 1 resource
2023-05-02 16:37:51,891 [Worker-58: Building] INFO  o.a.m.s.f.DefaultMavenResourcesFiltering - Copying 0 resource
2023-05-02 16:37:51,894 [Worker-58: Building] INFO  o.a.m.s.f.DefaultMavenResourcesFiltering - skip non existing resourceDirectory C:\MCIO\ProjetoGestaoRHTaking-master\ProjetoGestaoRH\src\test\resources
2023-05-02 16:38:35,055 [Worker-59: Building] INFO  o.a.m.s.f.DefaultMavenResourcesFiltering - Copying 1 resource
2023-05-02 16:38:35,064 [Worker-59: Building] INFO  o.a.m.s.f.DefaultMavenResourcesFiltering - Copying 0 resource
2023-05-02 16:38:35,069 [Worker-59: Building] INFO  o.a.m.s.f.DefaultMavenResourcesFiltering - skip non existing resourceDirectory C:\MCIO\ProjetoGestaoRHTaking-master\ProjetoGestaoRH\src\test\resources
2023-05-02 16:39:14,942 [Worker-62: Building] INFO  o.a.m.s.f.DefaultMavenResourcesFiltering - Copying 1 resource
2023-05-02 16:39:14,950 [Worker-62: Building] INFO  o.a.m.s.f.DefaultMavenResourcesFiltering - Copying 0 resource
2023-05-02 16:39:14,954 [Worker-62: Building] INFO  o.a.m.s.f.DefaultMavenResourcesFiltering - skip non existing resourceDirectory C:\MCIO\ProjetoGestaoRHTaking-master\ProjetoGestaoRH\src\test\resources
2023-05-02 16:40:20,133 [Worker-59: Building] INFO  o.a.m.s.f.DefaultMavenResourcesFiltering - Copying 1 resource
2023-05-02 16:40:20,142 [Worker-59: Building] INFO  o.a.m.s.f.DefaultMavenResourcesFiltering - Copying 0 resource
2023-05-02 16:40:20,144 [Worker-59: Building] INFO  o.a.m.s.f.DefaultMavenResourcesFiltering - skip non existing resourceDirectory C:\MCIO\ProjetoGestaoRHTaking-master\ProjetoGestaoRH\src\test\resources
2023-05-02 16:40:24,583 [Worker-59: Building] INFO  o.a.m.s.f.DefaultMavenResourcesFiltering - Copying 1 resource
2023-05-02 16:40:24,586 [Worker-59: Building] INFO  o.a.m.s.f.DefaultMavenResourcesFiltering - Copying 0 resource
2023-05-02 16:40:24,588 [Worker-59: Building] INFO  o.a.m.s.f.DefaultMavenResourcesFiltering - skip non existing resourceDirectory C:\MCIO\ProjetoGestaoRHTaking-master\ProjetoGestaoRH\src\test\resources
2023-05-02 16:41:01,613 [Worker-58: Building] INFO  o.a.m.s.f.DefaultMavenResourcesFiltering - Copying 1 resource
2023-05-02 16:41:01,623 [Worker-58: Building] INFO  o.a.m.s.f.DefaultMavenResourcesFiltering - Copying 0 resource
2023-05-02 16:41:01,625 [Worker-58: Building] INFO  o.a.m.s.f.DefaultMavenResourcesFiltering - skip non existing resourceDirectory C:\MCIO\ProjetoGestaoRHTaking-master\ProjetoGestaoRH\src\test\resources
2023-05-02 16:42:28,997 [Worker-64: Building] INFO  o.a.m.s.f.DefaultMavenResourcesFiltering - Copying 1 resource
2023-05-02 16:42:29,006 [Worker-64: Building] INFO  o.a.m.s.f.DefaultMavenResourcesFiltering - Copying 0 resource
2023-05-02 16:42:29,010 [Worker-64: Building] INFO  o.a.m.s.f.DefaultMavenResourcesFiltering - skip non existing resourceDirectory C:\MCIO\ProjetoGestaoRHTaking-master\ProjetoGestaoRH\src\test\resources
2023-05-02 16:44:09,195 [Worker-59: Building] INFO  o.a.m.s.f.DefaultMavenResourcesFiltering - Copying 1 resource
2023-05-02 16:44:09,201 [Worker-59: Building] INFO  o.a.m.s.f.DefaultMavenResourcesFiltering - Copying 0 resource
2023-05-02 16:44:09,203 [Worker-59: Building] INFO  o.a.m.s.f.DefaultMavenResourcesFiltering - skip non existing resourceDirectory C:\MCIO\ProjetoGestaoRHTaking-master\ProjetoGestaoRH\src\test\resources
2023-05-02 16:44:34,223 [Worker-64: Building] INFO  o.a.m.s.f.DefaultMavenResourcesFiltering - Copying 1 resource
2023-05-02 16:44:34,230 [Worker-64: Building] INFO  o.a.m.s.f.DefaultMavenResourcesFiltering - Copying 0 resource
2023-05-02 16:44:34,236 [Worker-64: Building] INFO  o.a.m.s.f.DefaultMavenResourcesFiltering - skip non existing resourceDirectory C:\MCIO\ProjetoGestaoRHTaking-master\ProjetoGestaoRH\src\test\resources
2023-05-02 16:44:52,375 [Worker-62: Building] INFO  o.a.m.s.f.DefaultMavenResourcesFiltering - Copying 1 resource
2023-05-02 16:44:52,383 [Worker-62: Building] INFO  o.a.m.s.f.DefaultMavenResourcesFiltering - Copying 0 resource
2023-05-02 16:44:52,410 [Worker-62: Building] INFO  o.a.m.s.f.DefaultMavenResourcesFiltering - skip non existing resourceDirectory C:\MCIO\ProjetoGestaoRHTaking-master\ProjetoGestaoRH\src\test\resources
2023-05-02 16:45:13,911 [Worker-62: Building] INFO  o.a.m.s.f.DefaultMavenResourcesFiltering - Copying 1 resource
2023-05-02 16:45:13,922 [Worker-62: Building] INFO  o.a.m.s.f.DefaultMavenResourcesFiltering - Copying 0 resource
2023-05-02 16:45:13,926 [Worker-62: Building] INFO  o.a.m.s.f.DefaultMavenResourcesFiltering - skip non existing resourceDirectory C:\MCIO\ProjetoGestaoRHTaking-master\ProjetoGestaoRH\src\test\resources
2023-05-02 16:45:31,689 [Worker-62: Building] INFO  o.a.m.s.f.DefaultMavenResourcesFiltering - Copying 1 resource
2023-05-02 16:45:31,696 [Worker-62: Building] INFO  o.a.m.s.f.DefaultMavenResourcesFiltering - Copying 0 resource
2023-05-02 16:45:31,699 [Worker-62: Building] INFO  o.a.m.s.f.DefaultMavenResourcesFiltering - skip non existing resourceDirectory C:\MCIO\ProjetoGestaoRHTaking-master\ProjetoGestaoRH\src\test\resources
2023-05-02 16:46:18,026 [Worker-62: Building] INFO  o.a.m.s.f.DefaultMavenResourcesFiltering - Copying 1 resource
2023-05-02 16:46:18,040 [Worker-62: Building] INFO  o.a.m.s.f.DefaultMavenResourcesFiltering - Copying 0 resource
2023-05-02 16:46:18,043 [Worker-62: Building] INFO  o.a.m.s.f.DefaultMavenResourcesFiltering - skip non existing resourceDirectory C:\MCIO\ProjetoGestaoRHTaking-master\ProjetoGestaoRH\src\test\resources
2023-05-02 16:46:28,534 [Worker-64: Building] INFO  o.a.m.s.f.DefaultMavenResourcesFiltering - Copying 1 resource
2023-05-02 16:46:28,547 [Worker-64: Building] INFO  o.a.m.s.f.DefaultMavenResourcesFiltering - Copying 0 resource
2023-05-02 16:46:28,551 [Worker-64: Building] INFO  o.a.m.s.f.DefaultMavenResourcesFiltering - skip non existing resourceDirectory C:\MCIO\ProjetoGestaoRHTaking-master\ProjetoGestaoRH\src\test\resources
2023-05-02 16:46:56,730 [Worker-62: Building] INFO  o.a.m.s.f.DefaultMavenResourcesFiltering - Copying 1 resource
2023-05-02 16:46:56,742 [Worker-62: Building] INFO  o.a.m.s.f.DefaultMavenResourcesFiltering - Copying 0 resource
2023-05-02 16:46:56,745 [Worker-62: Building] INFO  o.a.m.s.f.DefaultMavenResourcesFiltering - skip non existing resourceDirectory C:\MCIO\ProjetoGestaoRHTaking-master\ProjetoGestaoRH\src\test\resources
2023-05-02 16:47:27,694 [Worker-64: Building] INFO  o.a.m.s.f.DefaultMavenResourcesFiltering - Copying 1 resource
2023-05-02 16:47:27,700 [Worker-64: Building] INFO  o.a.m.s.f.DefaultMavenResourcesFiltering - Copying 0 resource
2023-05-02 16:47:27,705 [Worker-64: Building] INFO  o.a.m.s.f.DefaultMavenResourcesFiltering - skip non existing resourceDirectory C:\MCIO\ProjetoGestaoRHTaking-master\ProjetoGestaoRH\src\test\resources
2023-05-02 16:47:36,595 [Worker-59: Launching Executing clean in C__MCIO_ProjetoGestaoRHTaking-master_ProjetoGestaoRH] INFO  o.e.m.i.launch.MavenLaunchDelegate - C:\MCIO\ProjetoGestaoRHTaking-master\ProjetoGestaoRH
2023-05-02 16:47:36,595 [Worker-59: Launching Executing clean in C__MCIO_ProjetoGestaoRHTaking-master_ProjetoGestaoRH] INFO  o.e.m.i.launch.MavenLaunchDelegate -  mvn -B -Dstyle.color=always clean
2023-05-02 16:47:41,445 [Worker-64: Building] INFO  o.a.m.s.f.DefaultMavenResourcesFiltering - Copying 1 resource
2023-05-02 16:47:41,452 [Worker-64: Building] INFO  o.a.m.s.f.DefaultMavenResourcesFiltering - Copying 0 resource
2023-05-02 16:47:41,459 [Worker-64: Building] INFO  o.a.m.s.f.DefaultMavenResourcesFiltering - skip non existing resourceDirectory C:\MCIO\ProjetoGestaoRHTaking-master\ProjetoGestaoRH\src\test\resources
2023-05-02 16:47:46,620 [Worker-65: Launching Executing install in C__MCIO_ProjetoGestaoRHTaking-master_ProjetoGestaoRH] INFO  o.e.m.i.launch.MavenLaunchDelegate - C:\MCIO\ProjetoGestaoRHTaking-master\ProjetoGestaoRH
2023-05-02 16:47:46,621 [Worker-65: Launching Executing install in C__MCIO_ProjetoGestaoRHTaking-master_ProjetoGestaoRH] INFO  o.e.m.i.launch.MavenLaunchDelegate -  mvn -B -Dstyle.color=always install
2023-05-02 16:48:06,086 [Worker-64: Building] INFO  o.a.m.s.f.DefaultMavenResourcesFiltering - Copying 1 resource
2023-05-02 16:48:06,095 [Worker-64: Building] INFO  o.a.m.s.f.DefaultMavenResourcesFiltering - Copying 0 resource
2023-05-02 16:48:06,099 [Worker-64: Building] INFO  o.a.m.s.f.DefaultMavenResourcesFiltering - skip non existing resourceDirectory C:\MCIO\ProjetoGestaoRHTaking-master\ProjetoGestaoRH\src\test\resources
2023-05-02 16:53:17,882 [Worker-67: Building] INFO  o.a.m.s.f.DefaultMavenResourcesFiltering - Copying 1 resource
2023-05-02 16:53:17,891 [Worker-67: Building] INFO  o.a.m.s.f.DefaultMavenResourcesFiltering - Copying 0 resource
2023-05-02 16:53:17,895 [Worker-67: Building] INFO  o.a.m.s.f.DefaultMavenResourcesFiltering - skip non existing resourceDirectory C:\MCIO\ProjetoGestaoRHTaking-master\ProjetoGestaoRH\src\test\resources
2023-05-02 16:56:06,303 [Worker-70: Building] INFO  o.a.m.s.f.DefaultMavenResourcesFiltering - Copying 1 resource
2023-05-02 16:56:06,323 [Worker-70: Building] INFO  o.a.m.s.f.DefaultMavenResourcesFiltering - Copying 0 resource
2023-05-02 16:56:06,327 [Worker-70: Building] INFO  o.a.m.s.f.DefaultMavenResourcesFiltering - skip non existing resourceDirectory C:\MCIO\ProjetoGestaoRHTaking-master\ProjetoGestaoRH\src\test\resources
2023-05-02 16:56:31,309 [Worker-67: Building] INFO  o.a.m.s.f.DefaultMavenResourcesFiltering - Copying 1 resource
2023-05-02 16:56:31,322 [Worker-67: Building] INFO  o.a.m.s.f.DefaultMavenResourcesFiltering - Copying 0 resource
2023-05-02 16:56:31,325 [Worker-67: Building] INFO  o.a.m.s.f.DefaultMavenResourcesFiltering - skip non existing resourceDirectory C:\MCIO\ProjetoGestaoRHTaking-master\ProjetoGestaoRH\src\test\resources
2023-05-02 16:56:38,538 [Worker-70: Building] INFO  o.a.m.s.f.DefaultMavenResourcesFiltering - Copying 1 resource
2023-05-02 16:56:38,558 [Worker-70: Building] INFO  o.a.m.s.f.DefaultMavenResourcesFiltering - Copying 0 resource
2023-05-02 16:56:38,560 [Worker-70: Building] INFO  o.a.m.s.f.DefaultMavenResourcesFiltering - skip non existing resourceDirectory C:\MCIO\ProjetoGestaoRHTaking-master\ProjetoGestaoRH\src\test\resources
2023-05-02 16:56:51,465 [Worker-62: Building] INFO  o.a.m.s.f.DefaultMavenResourcesFiltering - Copying 1 resource
2023-05-02 16:56:51,484 [Worker-62: Building] INFO  o.a.m.s.f.DefaultMavenResourcesFiltering - Copying 0 resource
2023-05-02 16:56:51,487 [Worker-62: Building] INFO  o.a.m.s.f.DefaultMavenResourcesFiltering - skip non existing resourceDirectory C:\MCIO\ProjetoGestaoRHTaking-master\ProjetoGestaoRH\src\test\resources
2023-05-02 16:57:00,935 [Worker-70: Building] INFO  o.a.m.s.f.DefaultMavenResourcesFiltering - Copying 1 resource
2023-05-02 16:57:00,942 [Worker-70: Building] INFO  o.a.m.s.f.DefaultMavenResourcesFiltering - Copying 0 resource
2023-05-02 16:57:00,944 [Worker-70: Building] INFO  o.a.m.s.f.DefaultMavenResourcesFiltering - skip non existing resourceDirectory C:\MCIO\ProjetoGestaoRHTaking-master\ProjetoGestaoRH\src\test\resources
2023-05-02 16:57:27,887 [Worker-62: Building] INFO  o.a.m.s.f.DefaultMavenResourcesFiltering - Copying 1 resource
2023-05-02 16:57:27,897 [Worker-62: Building] INFO  o.a.m.s.f.DefaultMavenResourcesFiltering - Copying 0 resource
2023-05-02 16:57:27,902 [Worker-62: Building] INFO  o.a.m.s.f.DefaultMavenResourcesFiltering - skip non existing resourceDirectory C:\MCIO\ProjetoGestaoRHTaking-master\ProjetoGestaoRH\src\test\resources
2023-05-02 16:57:37,756 [Worker-62: Building] INFO  o.a.m.s.f.DefaultMavenResourcesFiltering - Copying 1 resource
2023-05-02 16:57:37,764 [Worker-62: Building] INFO  o.a.m.s.f.DefaultMavenResourcesFiltering - Copying 0 resource
2023-05-02 16:57:37,766 [Worker-62: Building] INFO  o.a.m.s.f.DefaultMavenResourcesFiltering - skip non existing resourceDirectory C:\MCIO\ProjetoGestaoRHTaking-master\ProjetoGestaoRH\src\test\resources
2023-05-02 16:57:42,812 [Worker-67: Building] INFO  o.a.m.s.f.DefaultMavenResourcesFiltering - Copying 1 resource
2023-05-02 16:57:42,824 [Worker-67: Building] INFO  o.a.m.s.f.DefaultMavenResourcesFiltering - Copying 0 resource
2023-05-02 16:57:42,826 [Worker-67: Building] INFO  o.a.m.s.f.DefaultMavenResourcesFiltering - skip non existing resourceDirectory C:\MCIO\ProjetoGestaoRHTaking-master\ProjetoGestaoRH\src\test\resources
2023-05-02 16:58:28,668 [Worker-62: Building] INFO  o.a.m.s.f.DefaultMavenResourcesFiltering - Copying 1 resource
2023-05-02 16:58:28,671 [Worker-62: Building] INFO  o.a.m.s.f.DefaultMavenResourcesFiltering - Copying 0 resource
2023-05-02 16:58:28,674 [Worker-62: Building] INFO  o.a.m.s.f.DefaultMavenResourcesFiltering - skip non existing resourceDirectory C:\MCIO\ProjetoGestaoRHTaking-master\ProjetoGestaoRH\src\test\resources
2023-05-02 16:59:09,869 [Worker-71: Building] INFO  o.a.m.s.f.DefaultMavenResourcesFiltering - Copying 1 resource
2023-05-02 16:59:09,879 [Worker-71: Building] INFO  o.a.m.s.f.DefaultMavenResourcesFiltering - Copying 0 resource
2023-05-02 16:59:09,882 [Worker-71: Building] INFO  o.a.m.s.f.DefaultMavenResourcesFiltering - skip non existing resourceDirectory C:\MCIO\ProjetoGestaoRHTaking-master\ProjetoGestaoRH\src\test\resources
2023-05-02 17:00:17,772 [Worker-67: Building] INFO  o.a.m.s.f.DefaultMavenResourcesFiltering - Copying 1 resource
2023-05-02 17:00:17,779 [Worker-67: Building] INFO  o.a.m.s.f.DefaultMavenResourcesFiltering - Copying 0 resource
2023-05-02 17:00:17,782 [Worker-67: Building] INFO  o.a.m.s.f.DefaultMavenResourcesFiltering - skip non existing resourceDirectory C:\MCIO\ProjetoGestaoRHTaking-master\ProjetoGestaoRH\src\test\resources
2023-05-02 17:00:26,061 [Worker-67: Launching Executing clean in C__MCIO_ProjetoGestaoRHTaking-master_ProjetoGestaoRH] INFO  o.e.m.i.launch.MavenLaunchDelegate - C:\MCIO\ProjetoGestaoRHTaking-master\ProjetoGestaoRH
2023-05-02 17:00:26,061 [Worker-67: Launching Executing clean in C__MCIO_ProjetoGestaoRHTaking-master_ProjetoGestaoRH] INFO  o.e.m.i.launch.MavenLaunchDelegate -  mvn -B -Dstyle.color=always clean
2023-05-02 17:00:30,313 [Worker-72: Building] INFO  o.a.m.s.f.DefaultMavenResourcesFiltering - Copying 1 resource
2023-05-02 17:00:30,316 [Worker-72: Building] INFO  o.a.m.s.f.DefaultMavenResourcesFiltering - Copying 0 resource
2023-05-02 17:00:30,319 [Worker-72: Building] INFO  o.a.m.s.f.DefaultMavenResourcesFiltering - skip non existing resourceDirectory C:\MCIO\ProjetoGestaoRHTaking-master\ProjetoGestaoRH\src\test\resources
2023-05-02 17:00:34,788 [Worker-71: Launching Executing install in C__MCIO_ProjetoGestaoRHTaking-master_ProjetoGestaoRH] INFO  o.e.m.i.launch.MavenLaunchDelegate - C:\MCIO\ProjetoGestaoRHTaking-master\ProjetoGestaoRH
2023-05-02 17:00:34,790 [Worker-71: Launching Executing install in C__MCIO_ProjetoGestaoRHTaking-master_ProjetoGestaoRH] INFO  o.e.m.i.launch.MavenLaunchDelegate -  mvn -B -Dstyle.color=always install
2023-05-02 17:00:52,741 [Worker-71: Building] INFO  o.a.m.s.f.DefaultMavenResourcesFiltering - Copying 1 resource
2023-05-02 17:00:52,748 [Worker-71: Building] INFO  o.a.m.s.f.DefaultMavenResourcesFiltering - Copying 0 resource
2023-05-02 17:00:52,755 [Worker-71: Building] INFO  o.a.m.s.f.DefaultMavenResourcesFiltering - skip non existing resourceDirectory C:\MCIO\ProjetoGestaoRHTaking-master\ProjetoGestaoRH\src\test\resources
2023-05-02 17:03:58,133 [Worker-73: Building] INFO  o.a.m.s.f.DefaultMavenResourcesFiltering - Copying 1 resource
2023-05-02 17:03:58,141 [Worker-73: Building] INFO  o.a.m.s.f.DefaultMavenResourcesFiltering - Copying 0 resource
2023-05-02 17:03:58,145 [Worker-73: Building] INFO  o.a.m.s.f.DefaultMavenResourcesFiltering - skip non existing resourceDirectory C:\MCIO\ProjetoGestaoRHTaking-master\ProjetoGestaoRH\src\test\resources
2023-05-02 17:04:03,702 [Worker-74: Building] INFO  o.a.m.s.f.DefaultMavenResourcesFiltering - Copying 1 resource
2023-05-02 17:04:03,711 [Worker-74: Building] INFO  o.a.m.s.f.DefaultMavenResourcesFiltering - Copying 0 resource
2023-05-02 17:04:03,714 [Worker-74: Building] INFO  o.a.m.s.f.DefaultMavenResourcesFiltering - skip non existing resourceDirectory C:\MCIO\ProjetoGestaoRHTaking-master\ProjetoGestaoRH\src\test\resources
2023-05-02 17:04:14,153 [Worker-73: Building] INFO  o.a.m.s.f.DefaultMavenResourcesFiltering - Copying 1 resource
2023-05-02 17:04:14,159 [Worker-73: Building] INFO  o.a.m.s.f.DefaultMavenResourcesFiltering - Copying 0 resource
2023-05-02 17:04:14,161 [Worker-73: Building] INFO  o.a.m.s.f.DefaultMavenResourcesFiltering - skip non existing resourceDirectory C:\MCIO\ProjetoGestaoRHTaking-master\ProjetoGestaoRH\src\test\resources
2023-05-02 17:04:19,813 [Worker-73: Building] INFO  o.a.m.s.f.DefaultMavenResourcesFiltering - Copying 1 resource
2023-05-02 17:04:19,826 [Worker-73: Building] INFO  o.a.m.s.f.DefaultMavenResourcesFiltering - Copying 0 resource
2023-05-02 17:04:19,831 [Worker-73: Building] INFO  o.a.m.s.f.DefaultMavenResourcesFiltering - skip non existing resourceDirectory C:\MCIO\ProjetoGestaoRHTaking-master\ProjetoGestaoRH\src\test\resources
2023-05-02 17:04:33,122 [Worker-74: Building] INFO  o.a.m.s.f.DefaultMavenResourcesFiltering - Copying 1 resource
2023-05-02 17:04:33,129 [Worker-74: Building] INFO  o.a.m.s.f.DefaultMavenResourcesFiltering - Copying 0 resource
2023-05-02 17:04:33,134 [Worker-74: Building] INFO  o.a.m.s.f.DefaultMavenResourcesFiltering - skip non existing resourceDirectory C:\MCIO\ProjetoGestaoRHTaking-master\ProjetoGestaoRH\src\test\resources
2023-05-02 17:04:55,860 [Worker-73: Building] INFO  o.a.m.s.f.DefaultMavenResourcesFiltering - Copying 1 resource
2023-05-02 17:04:55,866 [Worker-73: Building] INFO  o.a.m.s.f.DefaultMavenResourcesFiltering - Copying 0 resource
2023-05-02 17:04:55,869 [Worker-73: Building] INFO  o.a.m.s.f.DefaultMavenResourcesFiltering - skip non existing resourceDirectory C:\MCIO\ProjetoGestaoRHTaking-master\ProjetoGestaoRH\src\test\resources
2023-05-02 17:09:10,374 [Worker-76: Building] INFO  o.a.m.s.f.DefaultMavenResourcesFiltering - Copying 1 resource
2023-05-02 17:09:10,382 [Worker-76: Building] INFO  o.a.m.s.f.DefaultMavenResourcesFiltering - Copying 0 resource
2023-05-02 17:09:10,384 [Worker-76: Building] INFO  o.a.m.s.f.DefaultMavenResourcesFiltering - skip non existing resourceDirectory C:\MCIO\ProjetoGestaoRHTaking-master\ProjetoGestaoRH\src\test\resources
2023-05-02 17:12:37,050 [Worker-77: Building] INFO  o.a.m.s.f.DefaultMavenResourcesFiltering - Copying 1 resource
2023-05-02 17:12:37,057 [Worker-77: Building] INFO  o.a.m.s.f.DefaultMavenResourcesFiltering - Copying 0 resource
2023-05-02 17:12:37,059 [Worker-77: Building] INFO  o.a.m.s.f.DefaultMavenResourcesFiltering - skip non existing resourceDirectory C:\MCIO\ProjetoGestaoRHTaking-master\ProjetoGestaoRH\src\test\resources
2023-05-02 17:12:44,092 [Worker-80: Building] INFO  o.a.m.s.f.DefaultMavenResourcesFiltering - Copying 1 resource
2023-05-02 17:12:44,104 [Worker-80: Building] INFO  o.a.m.s.f.DefaultMavenResourcesFiltering - Copying 0 resource
2023-05-02 17:12:44,111 [Worker-80: Building] INFO  o.a.m.s.f.DefaultMavenResourcesFiltering - skip non existing resourceDirectory C:\MCIO\ProjetoGestaoRHTaking-master\ProjetoGestaoRH\src\test\resources
2023-05-02 17:12:55,860 [Worker-81: Building] INFO  o.a.m.s.f.DefaultMavenResourcesFiltering - Copying 1 resource
2023-05-02 17:12:55,872 [Worker-81: Building] INFO  o.a.m.s.f.DefaultMavenResourcesFiltering - Copying 0 resource
2023-05-02 17:12:55,878 [Worker-81: Building] INFO  o.a.m.s.f.DefaultMavenResourcesFiltering - skip non existing resourceDirectory C:\MCIO\ProjetoGestaoRHTaking-master\ProjetoGestaoRH\src\test\resources
2023-05-02 17:13:20,489 [Worker-77: Building] INFO  o.a.m.s.f.DefaultMavenResourcesFiltering - Copying 1 resource
2023-05-02 17:13:20,495 [Worker-77: Building] INFO  o.a.m.s.f.DefaultMavenResourcesFiltering - Copying 0 resource
2023-05-02 17:13:20,497 [Worker-77: Building] INFO  o.a.m.s.f.DefaultMavenResourcesFiltering - skip non existing resourceDirectory C:\MCIO\ProjetoGestaoRHTaking-master\ProjetoGestaoRH\src\test\resources
2023-05-02 17:13:42,630 [Worker-80: Building] INFO  o.a.m.s.f.DefaultMavenResourcesFiltering - Copying 1 resource
2023-05-02 17:13:42,639 [Worker-80: Building] INFO  o.a.m.s.f.DefaultMavenResourcesFiltering - Copying 0 resource
2023-05-02 17:13:42,642 [Worker-80: Building] INFO  o.a.m.s.f.DefaultMavenResourcesFiltering - skip non existing resourceDirectory C:\MCIO\ProjetoGestaoRHTaking-master\ProjetoGestaoRH\src\test\resources
2023-05-02 17:14:21,897 [Worker-81: Building] INFO  o.a.m.s.f.DefaultMavenResourcesFiltering - Copying 1 resource
2023-05-02 17:14:21,908 [Worker-81: Building] INFO  o.a.m.s.f.DefaultMavenResourcesFiltering - Copying 0 resource
2023-05-02 17:14:21,911 [Worker-81: Building] INFO  o.a.m.s.f.DefaultMavenResourcesFiltering - skip non existing resourceDirectory C:\MCIO\ProjetoGestaoRHTaking-master\ProjetoGestaoRH\src\test\resources
2023-05-02 17:14:26,455 [Worker-81: Building] INFO  o.a.m.s.f.DefaultMavenResourcesFiltering - Copying 1 resource
2023-05-02 17:14:26,462 [Worker-81: Building] INFO  o.a.m.s.f.DefaultMavenResourcesFiltering - Copying 0 resource
2023-05-02 17:14:26,465 [Worker-81: Building] INFO  o.a.m.s.f.DefaultMavenResourcesFiltering - skip non existing resourceDirectory C:\MCIO\ProjetoGestaoRHTaking-master\ProjetoGestaoRH\src\test\resources
2023-05-02 17:14:31,704 [Worker-67: Building] INFO  o.a.m.s.f.DefaultMavenResourcesFiltering - Copying 1 resource
2023-05-02 17:14:31,712 [Worker-67: Building] INFO  o.a.m.s.f.DefaultMavenResourcesFiltering - Copying 0 resource
2023-05-02 17:14:31,716 [Worker-67: Building] INFO  o.a.m.s.f.DefaultMavenResourcesFiltering - skip non existing resourceDirectory C:\MCIO\ProjetoGestaoRHTaking-master\ProjetoGestaoRH\src\test\resources
2023-05-02 17:14:40,245 [Worker-80: Building] INFO  o.a.m.s.f.DefaultMavenResourcesFiltering - Copying 1 resource
2023-05-02 17:14:40,258 [Worker-80: Building] INFO  o.a.m.s.f.DefaultMavenResourcesFiltering - Copying 0 resource
2023-05-02 17:14:40,261 [Worker-80: Building] INFO  o.a.m.s.f.DefaultMavenResourcesFiltering - skip non existing resourceDirectory C:\MCIO\ProjetoGestaoRHTaking-master\ProjetoGestaoRH\src\test\resources
2023-05-02 17:15:00,085 [Worker-67: Building] INFO  o.a.m.s.f.DefaultMavenResourcesFiltering - Copying 1 resource
2023-05-02 17:15:00,116 [Worker-67: Building] INFO  o.a.m.s.f.DefaultMavenResourcesFiltering - Copying 0 resource
2023-05-02 17:15:00,120 [Worker-67: Building] INFO  o.a.m.s.f.DefaultMavenResourcesFiltering - skip non existing resourceDirectory C:\MCIO\ProjetoGestaoRHTaking-master\ProjetoGestaoRH\src\test\resources
2023-05-02 17:15:48,167 [Worker-77: Building] INFO  o.a.m.s.f.DefaultMavenResourcesFiltering - Copying 1 resource
2023-05-02 17:15:48,177 [Worker-77: Building] INFO  o.a.m.s.f.DefaultMavenResourcesFiltering - Copying 0 resource
2023-05-02 17:15:48,182 [Worker-77: Building] INFO  o.a.m.s.f.DefaultMavenResourcesFiltering - skip non existing resourceDirectory C:\MCIO\ProjetoGestaoRHTaking-master\ProjetoGestaoRH\src\test\resources
2023-05-02 17:16:10,836 [Worker-80: Building] INFO  o.a.m.s.f.DefaultMavenResourcesFiltering - Copying 1 resource
2023-05-02 17:16:10,840 [Worker-80: Building] INFO  o.a.m.s.f.DefaultMavenResourcesFiltering - Copying 0 resource
2023-05-02 17:16:10,842 [Worker-80: Building] INFO  o.a.m.s.f.DefaultMavenResourcesFiltering - skip non existing resourceDirectory C:\MCIO\ProjetoGestaoRHTaking-master\ProjetoGestaoRH\src\test\resources
2023-05-02 17:16:15,897 [Worker-81: Building] INFO  o.a.m.s.f.DefaultMavenResourcesFiltering - Copying 1 resource
2023-05-02 17:16:15,906 [Worker-81: Building] INFO  o.a.m.s.f.DefaultMavenResourcesFiltering - Copying 0 resource
2023-05-02 17:16:15,909 [Worker-81: Building] INFO  o.a.m.s.f.DefaultMavenResourcesFiltering - skip non existing resourceDirectory C:\MCIO\ProjetoGestaoRHTaking-master\ProjetoGestaoRH\src\test\resources
2023-05-02 17:16:58,183 [Worker-67: Building] INFO  o.a.m.s.f.DefaultMavenResourcesFiltering - Copying 1 resource
2023-05-02 17:16:58,193 [Worker-67: Building] INFO  o.a.m.s.f.DefaultMavenResourcesFiltering - Copying 0 resource
2023-05-02 17:16:58,195 [Worker-67: Building] INFO  o.a.m.s.f.DefaultMavenResourcesFiltering - skip non existing resourceDirectory C:\MCIO\ProjetoGestaoRHTaking-master\ProjetoGestaoRH\src\test\resources
2023-05-02 17:17:17,336 [Worker-77: Building] INFO  o.a.m.s.f.DefaultMavenResourcesFiltering - Copying 1 resource
2023-05-02 17:17:17,344 [Worker-77: Building] INFO  o.a.m.s.f.DefaultMavenResourcesFiltering - Copying 0 resource
2023-05-02 17:17:17,347 [Worker-77: Building] INFO  o.a.m.s.f.DefaultMavenResourcesFiltering - skip non existing resourceDirectory C:\MCIO\ProjetoGestaoRHTaking-master\ProjetoGestaoRH\src\test\resources
2023-05-02 17:17:23,887 [Worker-67: Launching ProjetoGestaoRhApplication] INFO  o.a.m.s.f.DefaultMavenResourcesFiltering - Copying 1 resource
2023-05-02 17:17:23,902 [Worker-67: Launching ProjetoGestaoRhApplication] INFO  o.a.m.s.f.DefaultMavenResourcesFiltering - Copying 0 resource
2023-05-02 17:17:23,907 [Worker-67: Launching ProjetoGestaoRhApplication] INFO  o.a.m.s.f.DefaultMavenResourcesFiltering - skip non existing resourceDirectory C:\MCIO\ProjetoGestaoRHTaking-master\ProjetoGestaoRH\src\test\resources
2023-05-02 17:20:21,854 [Worker-67: Building] INFO  o.a.m.s.f.DefaultMavenResourcesFiltering - Copying 1 resource
2023-05-02 17:20:21,878 [Worker-67: Building] INFO  o.a.m.s.f.DefaultMavenResourcesFiltering - Copying 0 resource
2023-05-02 17:20:21,882 [Worker-67: Building] INFO  o.a.m.s.f.DefaultMavenResourcesFiltering - skip non existing resourceDirectory C:\MCIO\ProjetoGestaoRHTaking-master\ProjetoGestaoRH\src\test\resources
2023-05-02 17:20:27,093 [Worker-82: Building] INFO  o.a.m.s.f.DefaultMavenResourcesFiltering - Copying 1 resource
2023-05-02 17:20:27,101 [Worker-82: Building] INFO  o.a.m.s.f.DefaultMavenResourcesFiltering - Copying 0 resource
2023-05-02 17:20:27,105 [Worker-82: Building] INFO  o.a.m.s.f.DefaultMavenResourcesFiltering - skip non existing resourceDirectory C:\MCIO\ProjetoGestaoRHTaking-master\ProjetoGestaoRH\src\test\resources
2023-05-02 17:22:17,612 [Worker-83: Building] INFO  o.a.m.s.f.DefaultMavenResourcesFiltering - Copying 1 resource
2023-05-02 17:22:17,627 [Worker-83: Building] INFO  o.a.m.s.f.DefaultMavenResourcesFiltering - Copying 0 resource
2023-05-02 17:22:17,632 [Worker-83: Building] INFO  o.a.m.s.f.DefaultMavenResourcesFiltering - skip non existing resourceDirectory C:\MCIO\ProjetoGestaoRHTaking-master\ProjetoGestaoRH\src\test\resources
2023-05-02 17:27:40,252 [Worker-84: Building] INFO  o.a.m.s.f.DefaultMavenResourcesFiltering - Copying 1 resource
2023-05-02 17:27:40,260 [Worker-84: Building] INFO  o.a.m.s.f.DefaultMavenResourcesFiltering - Copying 0 resource
2023-05-02 17:27:40,263 [Worker-84: Building] INFO  o.a.m.s.f.DefaultMavenResourcesFiltering - skip non existing resourceDirectory C:\MCIO\ProjetoGestaoRHTaking-master\ProjetoGestaoRH\src\test\resources
2023-05-02 17:30:43,250 [Worker-84: Building] INFO  o.a.m.s.f.DefaultMavenResourcesFiltering - Copying 1 resource
2023-05-02 17:30:43,257 [Worker-84: Building] INFO  o.a.m.s.f.DefaultMavenResourcesFiltering - Copying 0 resource
2023-05-02 17:30:43,259 [Worker-84: Building] INFO  o.a.m.s.f.DefaultMavenResourcesFiltering - skip non existing resourceDirectory C:\MCIO\ProjetoGestaoRHTaking-master\ProjetoGestaoRH\src\test\resources
2023-05-02 17:44:16,927 [Worker-84: Building] INFO  o.a.m.s.f.DefaultMavenResourcesFiltering - Copying 1 resource
2023-05-02 17:44:16,938 [Worker-84: Building] INFO  o.a.m.s.f.DefaultMavenResourcesFiltering - Copying 0 resource
2023-05-02 17:44:16,940 [Worker-84: Building] INFO  o.a.m.s.f.DefaultMavenResourcesFiltering - skip non existing resourceDirectory C:\MCIO\ProjetoGestaoRHTaking-master\ProjetoGestaoRH\src\test\resources
2023-05-02 17:44:33,583 [Worker-84: Building] INFO  o.a.m.s.f.DefaultMavenResourcesFiltering - Copying 1 resource
2023-05-02 17:44:33,590 [Worker-84: Building] INFO  o.a.m.s.f.DefaultMavenResourcesFiltering - Copying 0 resource
2023-05-02 17:44:33,593 [Worker-84: Building] INFO  o.a.m.s.f.DefaultMavenResourcesFiltering - skip non existing resourceDirectory C:\MCIO\ProjetoGestaoRHTaking-master\ProjetoGestaoRH\src\test\resources
2023-05-02 17:44:54,663 [Worker-86: Building] INFO  o.a.m.s.f.DefaultMavenResourcesFiltering - Copying 1 resource
2023-05-02 17:44:54,669 [Worker-86: Building] INFO  o.a.m.s.f.DefaultMavenResourcesFiltering - Copying 0 resource
2023-05-02 17:44:54,672 [Worker-86: Building] INFO  o.a.m.s.f.DefaultMavenResourcesFiltering - skip non existing resourceDirectory C:\MCIO\ProjetoGestaoRHTaking-master\ProjetoGestaoRH\src\test\resources
2023-05-02 19:23:32,803 [Worker-93: Launching Executing clean in C__MCIO_ProjetoGestaoRHTaking-master_ProjetoGestaoRH] INFO  o.e.m.i.launch.MavenLaunchDelegate - C:\MCIO\ProjetoGestaoRHTaking-master\ProjetoGestaoRH
2023-05-02 19:23:32,809 [Worker-93: Launching Executing clean in C__MCIO_ProjetoGestaoRHTaking-master_ProjetoGestaoRH] INFO  o.e.m.i.launch.MavenLaunchDelegate -  mvn -B -Dstyle.color=always clean
2023-05-02 19:23:40,073 [Worker-96: Building] INFO  o.a.m.s.f.DefaultMavenResourcesFiltering - Copying 1 resource
2023-05-02 19:23:40,086 [Worker-96: Building] INFO  o.a.m.s.f.DefaultMavenResourcesFiltering - Copying 0 resource
2023-05-02 19:23:40,090 [Worker-96: Building] INFO  o.a.m.s.f.DefaultMavenResourcesFiltering - skip non existing resourceDirectory C:\MCIO\ProjetoGestaoRHTaking-master\ProjetoGestaoRH\src\test\resources
2023-05-02 19:23:47,616 [Worker-93: Launching Executing install in C__MCIO_ProjetoGestaoRHTaking-master_ProjetoGestaoRH] INFO  o.e.m.i.launch.MavenLaunchDelegate - C:\MCIO\ProjetoGestaoRHTaking-master\ProjetoGestaoRH
2023-05-02 19:23:47,616 [Worker-93: Launching Executing install in C__MCIO_ProjetoGestaoRHTaking-master_ProjetoGestaoRH] INFO  o.e.m.i.launch.MavenLaunchDelegate -  mvn -B -Dstyle.color=always install
2023-05-02 19:24:11,485 [Worker-93: Building] INFO  o.a.m.s.f.DefaultMavenResourcesFiltering - Copying 1 resource
2023-05-02 19:24:11,578 [Worker-93: Building] INFO  o.a.m.s.f.DefaultMavenResourcesFiltering - Copying 0 resource
2023-05-02 19:24:11,593 [Worker-93: Building] INFO  o.a.m.s.f.DefaultMavenResourcesFiltering - skip non existing resourceDirectory C:\MCIO\ProjetoGestaoRHTaking-master\ProjetoGestaoRH\src\test\resources
2023-05-02 19:32:57,647 [Worker-96: Building] INFO  o.a.m.s.f.DefaultMavenResourcesFiltering - Copying 1 resource
2023-05-02 19:32:57,668 [Worker-96: Building] INFO  o.a.m.s.f.DefaultMavenResourcesFiltering - Copying 0 resource
2023-05-02 19:32:57,671 [Worker-96: Building] INFO  o.a.m.s.f.DefaultMavenResourcesFiltering - skip non existing resourceDirectory C:\MCIO\ProjetoGestaoRHTaking-master\ProjetoGestaoRH\src\test\resources
2023-05-02 19:34:28,913 [Worker-98: Building] INFO  o.a.m.s.f.DefaultMavenResourcesFiltering - Copying 1 resource
2023-05-02 19:34:28,939 [Worker-98: Building] INFO  o.a.m.s.f.DefaultMavenResourcesFiltering - Copying 0 resource
2023-05-02 19:34:28,947 [Worker-98: Building] INFO  o.a.m.s.f.DefaultMavenResourcesFiltering - skip non existing resourceDirectory C:\MCIO\ProjetoGestaoRHTaking-master\ProjetoGestaoRH\src\test\resources
2023-05-02 19:34:33,622 [Worker-100: Launching Executing clean in C__MCIO_ProjetoGestaoRHTaking-master_ProjetoGestaoRH] INFO  o.e.m.i.launch.MavenLaunchDelegate - C:\MCIO\ProjetoGestaoRHTaking-master\ProjetoGestaoRH
2023-05-02 19:34:33,623 [Worker-100: Launching Executing clean in C__MCIO_ProjetoGestaoRHTaking-master_ProjetoGestaoRH] INFO  o.e.m.i.launch.MavenLaunchDelegate -  mvn -B -Dstyle.color=always clean
2023-05-02 19:34:40,900 [Worker-101: Building] INFO  o.a.m.s.f.DefaultMavenResourcesFiltering - Copying 1 resource
2023-05-02 19:34:40,905 [Worker-101: Building] INFO  o.a.m.s.f.DefaultMavenResourcesFiltering - Copying 0 resource
2023-05-02 19:34:40,917 [Worker-101: Building] INFO  o.a.m.s.f.DefaultMavenResourcesFiltering - skip non existing resourceDirectory C:\MCIO\ProjetoGestaoRHTaking-master\ProjetoGestaoRH\src\test\resources
2023-05-02 19:34:45,824 [Worker-100: Launching Executing install in C__MCIO_ProjetoGestaoRHTaking-master_ProjetoGestaoRH] INFO  o.e.m.i.launch.MavenLaunchDelegate - C:\MCIO\ProjetoGestaoRHTaking-master\ProjetoGestaoRH
2023-05-02 19:34:45,825 [Worker-100: Launching Executing install in C__MCIO_ProjetoGestaoRHTaking-master_ProjetoGestaoRH] INFO  o.e.m.i.launch.MavenLaunchDelegate -  mvn -B -Dstyle.color=always install
2023-05-02 19:35:07,485 [Worker-96: Building] INFO  o.a.m.s.f.DefaultMavenResourcesFiltering - Copying 1 resource
2023-05-02 19:35:07,521 [Worker-96: Building] INFO  o.a.m.s.f.DefaultMavenResourcesFiltering - Copying 0 resource
2023-05-02 19:35:07,524 [Worker-96: Building] INFO  o.a.m.s.f.DefaultMavenResourcesFiltering - skip non existing resourceDirectory C:\MCIO\ProjetoGestaoRHTaking-master\ProjetoGestaoRH\src\test\resources
2023-05-02 19:37:21,648 [Worker-102: Building] INFO  o.a.m.s.f.DefaultMavenResourcesFiltering - Copying 1 resource
2023-05-02 19:37:21,668 [Worker-102: Building] INFO  o.a.m.s.f.DefaultMavenResourcesFiltering - Copying 0 resource
2023-05-02 19:37:21,680 [Worker-102: Building] INFO  o.a.m.s.f.DefaultMavenResourcesFiltering - skip non existing resourceDirectory C:\MCIO\ProjetoGestaoRHTaking-master\ProjetoGestaoRH\src\test\resources
2023-05-02 19:37:26,180 [Worker-96: Launching Executing clean in C__MCIO_ProjetoGestaoRHTaking-master_ProjetoGestaoRH] INFO  o.e.m.i.launch.MavenLaunchDelegate - C:\MCIO\ProjetoGestaoRHTaking-master\ProjetoGestaoRH
2023-05-02 19:37:26,180 [Worker-96: Launching Executing clean in C__MCIO_ProjetoGestaoRHTaking-master_ProjetoGestaoRH] INFO  o.e.m.i.launch.MavenLaunchDelegate -  mvn -B -Dstyle.color=always clean
2023-05-02 19:37:31,670 [Worker-96: Building] INFO  o.a.m.s.f.DefaultMavenResourcesFiltering - Copying 1 resource
2023-05-02 19:37:31,678 [Worker-96: Building] INFO  o.a.m.s.f.DefaultMavenResourcesFiltering - Copying 0 resource
2023-05-02 19:37:31,682 [Worker-96: Building] INFO  o.a.m.s.f.DefaultMavenResourcesFiltering - skip non existing resourceDirectory C:\MCIO\ProjetoGestaoRHTaking-master\ProjetoGestaoRH\src\test\resources
2023-05-02 19:37:36,112 [Worker-98: Launching Executing install in C__MCIO_ProjetoGestaoRHTaking-master_ProjetoGestaoRH] INFO  o.e.m.i.launch.MavenLaunchDelegate - C:\MCIO\ProjetoGestaoRHTaking-master\ProjetoGestaoRH
2023-05-02 19:37:36,112 [Worker-98: Launching Executing install in C__MCIO_ProjetoGestaoRHTaking-master_ProjetoGestaoRH] INFO  o.e.m.i.launch.MavenLaunchDelegate -  mvn -B -Dstyle.color=always install
2023-05-02 19:37:56,026 [Worker-103: Building] INFO  o.a.m.s.f.DefaultMavenResourcesFiltering - Copying 1 resource
2023-05-02 19:37:56,033 [Worker-103: Building] INFO  o.a.m.s.f.DefaultMavenResourcesFiltering - Copying 0 resource
2023-05-02 19:37:56,037 [Worker-103: Building] INFO  o.a.m.s.f.DefaultMavenResourcesFiltering - skip non existing resourceDirectory C:\MCIO\ProjetoGestaoRHTaking-master\ProjetoGestaoRH\src\test\resources
2023-05-02 19:39:51,459 [Worker-106: Building] INFO  o.a.m.s.f.DefaultMavenResourcesFiltering - Copying 1 resource
2023-05-02 19:39:51,471 [Worker-106: Building] INFO  o.a.m.s.f.DefaultMavenResourcesFiltering - Copying 0 resource
2023-05-02 19:39:51,473 [Worker-106: Building] INFO  o.a.m.s.f.DefaultMavenResourcesFiltering - skip non existing resourceDirectory C:\MCIO\ProjetoGestaoRHTaking-master\ProjetoGestaoRH\src\test\resources
2023-05-02 19:39:56,768 [Worker-105: Launching Executing clean in C__MCIO_ProjetoGestaoRHTaking-master_ProjetoGestaoRH] INFO  o.e.m.i.launch.MavenLaunchDelegate - C:\MCIO\ProjetoGestaoRHTaking-master\ProjetoGestaoRH
2023-05-02 19:39:56,769 [Worker-105: Launching Executing clean in C__MCIO_ProjetoGestaoRHTaking-master_ProjetoGestaoRH] INFO  o.e.m.i.launch.MavenLaunchDelegate -  mvn -B -Dstyle.color=always clean
2023-05-02 19:40:02,573 [Worker-103: Building] INFO  o.a.m.s.f.DefaultMavenResourcesFiltering - Copying 1 resource
2023-05-02 19:40:02,576 [Worker-103: Building] INFO  o.a.m.s.f.DefaultMavenResourcesFiltering - Copying 0 resource
2023-05-02 19:40:02,579 [Worker-103: Building] INFO  o.a.m.s.f.DefaultMavenResourcesFiltering - skip non existing resourceDirectory C:\MCIO\ProjetoGestaoRHTaking-master\ProjetoGestaoRH\src\test\resources
2023-05-02 19:40:07,686 [Worker-108: Launching Executing install in C__MCIO_ProjetoGestaoRHTaking-master_ProjetoGestaoRH] INFO  o.e.m.i.launch.MavenLaunchDelegate - C:\MCIO\ProjetoGestaoRHTaking-master\ProjetoGestaoRH
2023-05-02 19:40:07,687 [Worker-108: Launching Executing install in C__MCIO_ProjetoGestaoRHTaking-master_ProjetoGestaoRH] INFO  o.e.m.i.launch.MavenLaunchDelegate -  mvn -B -Dstyle.color=always install
2023-05-02 19:40:28,672 [Worker-108: Building] INFO  o.a.m.s.f.DefaultMavenResourcesFiltering - Copying 1 resource
2023-05-02 19:40:28,704 [Worker-108: Building] INFO  o.a.m.s.f.DefaultMavenResourcesFiltering - Copying 0 resource
2023-05-02 19:40:28,716 [Worker-108: Building] INFO  o.a.m.s.f.DefaultMavenResourcesFiltering - skip non existing resourceDirectory C:\MCIO\ProjetoGestaoRHTaking-master\ProjetoGestaoRH\src\test\resources
